Tempo Corrente: 0
Processo em Execucao - PID: 0, Nome: PROG01, Prioridade: 1, Tempo Restante: 20
Fila de Prontos
PID: 1, Nome: PROG02, Tempo Admissao: 0, Prioridade: 1
Fila de Espera

-----------------------------------------------------------------------------------------
Tempo Corrente: 1
Processo em Execucao - PID: 0, Nome: PROG01, Prioridade: 1, Tempo Restante: 19
Fila de Prontos
PID: 1, Nome: PROG02, Tempo Admissao: 0, Prioridade: 1
Fila de Espera

-----------------------------------------------------------------------------------------
Tempo Corrente: 2
Processo em Execucao - PID: 0, Nome: PROG01, Prioridade: 1, Tempo Restante: 18
Fila de Prontos
PID: 1, Nome: PROG02, Tempo Admissao: 0, Prioridade: 1
Fila de Espera

-----------------------------------------------------------------------------------------
Tempo Corrente: 3
Processo em Execucao - PID: 0, Nome: PROG01, Prioridade: 1, Tempo Restante: 17
Fila de Prontos
PID: 1, Nome: PROG02, Tempo Admissao: 0, Prioridade: 1
PID: 3, Nome: PROG03, Tempo Admissao: 3, Prioridade: 2
Fila de Espera

-----------------------------------------------------------------------------------------
Tempo Corrente: 4
Processo em Execucao - PID: 0, Nome: PROG01, Prioridade: 1, Tempo Restante: 16
Fila de Prontos
PID: 1, Nome: PROG02, Tempo Admissao: 0, Prioridade: 1
PID: 3, Nome: PROG03, Tempo Admissao: 3, Prioridade: 2
Fila de Espera

-----------------------------------------------------------------------------------------
Tempo Corrente: 5
Processo em Execucao - PID: 0, Nome: PROG01, Prioridade: 1, Tempo Restante: 15
Fila de Prontos
PID: 1, Nome: PROG02, Tempo Admissao: 0, Prioridade: 1
PID: 3, Nome: PROG03, Tempo Admissao: 3, Prioridade: 2
PID: 2, Nome: PROG10, Tempo Admissao: 5, Prioridade: 1
Fila de Espera

-----------------------------------------------------------------------------------------
Tempo Corrente: 6
Processo em Execucao - PID: 0, Nome: PROG01, Prioridade: 1, Tempo Restante: 14
Fila de Prontos
PID: 1, Nome: PROG02, Tempo Admissao: 0, Prioridade: 1
PID: 3, Nome: PROG03, Tempo Admissao: 3, Prioridade: 2
PID: 2, Nome: PROG10, Tempo Admissao: 5, Prioridade: 1
Fila de Espera

-----------------------------------------------------------------------------------------
Tempo Corrente: 7
Processo em Execucao - PID: 0, Nome: PROG01, Prioridade: 1, Tempo Restante: 13
Fila de Prontos
PID: 1, Nome: PROG02, Tempo Admissao: 0, Prioridade: 1
PID: 3, Nome: PROG03, Tempo Admissao: 3, Prioridade: 2
PID: 2, Nome: PROG10, Tempo Admissao: 5, Prioridade: 1
Fila de Espera

-----------------------------------------------------------------------------------------
Tempo Corrente: 8
Processo em Execucao - PID: 0, Nome: PROG01, Prioridade: 1, Tempo Restante: 12
Fila de Prontos
PID: 1, Nome: PROG02, Tempo Admissao: 0, Prioridade: 1
PID: 3, Nome: PROG03, Tempo Admissao: 3, Prioridade: 2
PID: 2, Nome: PROG10, Tempo Admissao: 5, Prioridade: 1
Fila de Espera

-----------------------------------------------------------------------------------------
Tempo Corrente: 9
Processo em Execucao - PID: 0, Nome: PROG01, Prioridade: 1, Tempo Restante: 11
Fila de Prontos
PID: 1, Nome: PROG02, Tempo Admissao: 0, Prioridade: 1
PID: 3, Nome: PROG03, Tempo Admissao: 3, Prioridade: 2
PID: 2, Nome: PROG10, Tempo Admissao: 5, Prioridade: 1
Fila de Espera

-----------------------------------------------------------------------------------------
Tempo Corrente: 10
Processo em Execucao - PID: 0, Nome: PROG01, Prioridade: 1, Tempo Restante: 10
Fila de Prontos
PID: 1, Nome: PROG02, Tempo Admissao: 0, Prioridade: 1
PID: 3, Nome: PROG03, Tempo Admissao: 3, Prioridade: 2
PID: 2, Nome: PROG10, Tempo Admissao: 5, Prioridade: 1
PID: 4, Nome: PROG15, Tempo Admissao: 10, Prioridade: 1
Fila de Espera

-----------------------------------------------------------------------------------------
Tempo Corrente: 11
Processo em Execucao - PID: 0, Nome: PROG01, Prioridade: 1, Tempo Restante: 9
Fila de Prontos
PID: 1, Nome: PROG02, Tempo Admissao: 0, Prioridade: 1
PID: 3, Nome: PROG03, Tempo Admissao: 3, Prioridade: 2
PID: 2, Nome: PROG10, Tempo Admissao: 5, Prioridade: 1
PID: 4, Nome: PROG15, Tempo Admissao: 10, Prioridade: 1
Fila de Espera

-----------------------------------------------------------------------------------------
Tempo Corrente: 12
Processo em Execucao - PID: 0, Nome: PROG01, Prioridade: 1, Tempo Restante: 8
Fila de Prontos
PID: 1, Nome: PROG02, Tempo Admissao: 0, Prioridade: 1
PID: 3, Nome: PROG03, Tempo Admissao: 3, Prioridade: 2
PID: 2, Nome: PROG10, Tempo Admissao: 5, Prioridade: 1
PID: 4, Nome: PROG15, Tempo Admissao: 10, Prioridade: 1
Fila de Espera

-----------------------------------------------------------------------------------------
Tempo Corrente: 13
Processo em Execucao - PID: 0, Nome: PROG01, Prioridade: 1, Tempo Restante: 7
Fila de Prontos
PID: 1, Nome: PROG02, Tempo Admissao: 0, Prioridade: 1
PID: 3, Nome: PROG03, Tempo Admissao: 3, Prioridade: 2
PID: 2, Nome: PROG10, Tempo Admissao: 5, Prioridade: 1
PID: 4, Nome: PROG15, Tempo Admissao: 10, Prioridade: 1
Fila de Espera

-----------------------------------------------------------------------------------------
Tempo Corrente: 14
Processo em Execucao - PID: 0, Nome: PROG01, Prioridade: 1, Tempo Restante: 6
Fila de Prontos
PID: 1, Nome: PROG02, Tempo Admissao: 0, Prioridade: 1
PID: 3, Nome: PROG03, Tempo Admissao: 3, Prioridade: 2
PID: 2, Nome: PROG10, Tempo Admissao: 5, Prioridade: 1
PID: 4, Nome: PROG15, Tempo Admissao: 10, Prioridade: 1
Fila de Espera

-----------------------------------------------------------------------------------------
Tempo Corrente: 15
Processo em Execucao - PID: 0, Nome: PROG01, Prioridade: 1, Tempo Restante: 5
Fila de Prontos
PID: 1, Nome: PROG02, Tempo Admissao: 0, Prioridade: 1
PID: 3, Nome: PROG03, Tempo Admissao: 3, Prioridade: 2
PID: 2, Nome: PROG10, Tempo Admissao: 5, Prioridade: 1
PID: 4, Nome: PROG15, Tempo Admissao: 10, Prioridade: 1
Fila de Espera

-----------------------------------------------------------------------------------------
Tempo Corrente: 16
Processo em Execucao - PID: 0, Nome: PROG01, Prioridade: 1, Tempo Restante: 4
Fila de Prontos
PID: 1, Nome: PROG02, Tempo Admissao: 0, Prioridade: 1
PID: 3, Nome: PROG03, Tempo Admissao: 3, Prioridade: 2
PID: 2, Nome: PROG10, Tempo Admissao: 5, Prioridade: 1
PID: 4, Nome: PROG15, Tempo Admissao: 10, Prioridade: 1
Fila de Espera

-----------------------------------------------------------------------------------------
Tempo Corrente: 17
Processo em Execucao - PID: 0, Nome: PROG01, Prioridade: 1, Tempo Restante: 3
Fila de Prontos
PID: 1, Nome: PROG02, Tempo Admissao: 0, Prioridade: 1
PID: 3, Nome: PROG03, Tempo Admissao: 3, Prioridade: 2
PID: 2, Nome: PROG10, Tempo Admissao: 5, Prioridade: 1
PID: 4, Nome: PROG15, Tempo Admissao: 10, Prioridade: 1
Fila de Espera

-----------------------------------------------------------------------------------------
Tempo Corrente: 18
Processo em Execucao - PID: 0, Nome: PROG01, Prioridade: 1, Tempo Restante: 2
Fila de Prontos
PID: 1, Nome: PROG02, Tempo Admissao: 0, Prioridade: 1
PID: 3, Nome: PROG03, Tempo Admissao: 3, Prioridade: 2
PID: 2, Nome: PROG10, Tempo Admissao: 5, Prioridade: 1
PID: 4, Nome: PROG15, Tempo Admissao: 10, Prioridade: 1
Fila de Espera

-----------------------------------------------------------------------------------------
Tempo Corrente: 19
Processo em Execucao - PID: 0, Nome: PROG01, Prioridade: 1, Tempo Restante: 1
Fila de Prontos
PID: 1, Nome: PROG02, Tempo Admissao: 0, Prioridade: 1
PID: 3, Nome: PROG03, Tempo Admissao: 3, Prioridade: 2
PID: 2, Nome: PROG10, Tempo Admissao: 5, Prioridade: 1
PID: 4, Nome: PROG15, Tempo Admissao: 10, Prioridade: 1
Fila de Espera

-----------------------------------------------------------------------------------------
Tempo Corrente: 20
Processo em Execucao - PID: 0, Nome: PROG01, Prioridade: 1, Tempo Restante: 0
Fila de Prontos
PID: 1, Nome: PROG02, Tempo Admissao: 0, Prioridade: 1
PID: 3, Nome: PROG03, Tempo Admissao: 3, Prioridade: 2
PID: 2, Nome: PROG10, Tempo Admissao: 5, Prioridade: 1
PID: 4, Nome: PROG15, Tempo Admissao: 10, Prioridade: 1
Fila de Espera

-----------------------------------------------------------------------------------------
Tempo Corrente: 21
Processo em Execucao - OCIOSO
Fila de Prontos
PID: 1, Nome: PROG02, Tempo Admissao: 0, Prioridade: 1
PID: 3, Nome: PROG03, Tempo Admissao: 3, Prioridade: 2
PID: 2, Nome: PROG10, Tempo Admissao: 5, Prioridade: 1
PID: 4, Nome: PROG15, Tempo Admissao: 10, Prioridade: 1
Fila de Espera

-----------------------------------------------------------------------------------------
Tempo Corrente: 22
Processo em Execucao - PID: 1, Nome: PROG02, Prioridade: 1, Tempo Restante: 13
Fila de Prontos
PID: 3, Nome: PROG03, Tempo Admissao: 3, Prioridade: 2
PID: 2, Nome: PROG10, Tempo Admissao: 5, Prioridade: 1
PID: 4, Nome: PROG15, Tempo Admissao: 10, Prioridade: 1
Fila de Espera

-----------------------------------------------------------------------------------------
Tempo Corrente: 23
Processo em Execucao - PID: 1, Nome: PROG02, Prioridade: 1, Tempo Restante: 12
Fila de Prontos
PID: 3, Nome: PROG03, Tempo Admissao: 3, Prioridade: 2
PID: 2, Nome: PROG10, Tempo Admissao: 5, Prioridade: 1
PID: 4, Nome: PROG15, Tempo Admissao: 10, Prioridade: 1
Fila de Espera

-----------------------------------------------------------------------------------------
Tempo Corrente: 24
Processo em Execucao - PID: 1, Nome: PROG02, Prioridade: 1, Tempo Restante: 11
Fila de Prontos
PID: 3, Nome: PROG03, Tempo Admissao: 3, Prioridade: 2
PID: 2, Nome: PROG10, Tempo Admissao: 5, Prioridade: 1
PID: 4, Nome: PROG15, Tempo Admissao: 10, Prioridade: 1
Fila de Espera

-----------------------------------------------------------------------------------------
Tempo Corrente: 25
Processo em Execucao - PID: 1, Nome: PROG02, Prioridade: 1, Tempo Restante: 10
Fila de Prontos
PID: 3, Nome: PROG03, Tempo Admissao: 3, Prioridade: 2
PID: 2, Nome: PROG10, Tempo Admissao: 5, Prioridade: 1
PID: 4, Nome: PROG15, Tempo Admissao: 10, Prioridade: 1
Fila de Espera

-----------------------------------------------------------------------------------------
Tempo Corrente: 26
Processo em Execucao - PID: 1, Nome: PROG02, Prioridade: 1, Tempo Restante: 9
Fila de Prontos
PID: 3, Nome: PROG03, Tempo Admissao: 3, Prioridade: 2
PID: 2, Nome: PROG10, Tempo Admissao: 5, Prioridade: 1
PID: 4, Nome: PROG15, Tempo Admissao: 10, Prioridade: 1
Fila de Espera

-----------------------------------------------------------------------------------------
Tempo Corrente: 27
Processo em Execucao - PID: 1, Nome: PROG02, Prioridade: 1, Tempo Restante: 8
Fila de Prontos
PID: 3, Nome: PROG03, Tempo Admissao: 3, Prioridade: 2
PID: 2, Nome: PROG10, Tempo Admissao: 5, Prioridade: 1
PID: 4, Nome: PROG15, Tempo Admissao: 10, Prioridade: 1
Fila de Espera

-----------------------------------------------------------------------------------------
Tempo Corrente: 28
Processo em Execucao - PID: 1, Nome: PROG02, Prioridade: 1, Tempo Restante: 7
Fila de Prontos
PID: 3, Nome: PROG03, Tempo Admissao: 3, Prioridade: 2
PID: 2, Nome: PROG10, Tempo Admissao: 5, Prioridade: 1
PID: 4, Nome: PROG15, Tempo Admissao: 10, Prioridade: 1
Fila de Espera

-----------------------------------------------------------------------------------------
Tempo Corrente: 29
Processo em Execucao - PID: 1, Nome: PROG02, Prioridade: 1, Tempo Restante: 6
Fila de Prontos
PID: 3, Nome: PROG03, Tempo Admissao: 3, Prioridade: 2
PID: 2, Nome: PROG10, Tempo Admissao: 5, Prioridade: 1
PID: 4, Nome: PROG15, Tempo Admissao: 10, Prioridade: 1
Fila de Espera

-----------------------------------------------------------------------------------------
Tempo Corrente: 30
Processo em Execucao - PID: 1, Nome: PROG02, Prioridade: 1, Tempo Restante: 5
Fila de Prontos
PID: 3, Nome: PROG03, Tempo Admissao: 3, Prioridade: 2
PID: 2, Nome: PROG10, Tempo Admissao: 5, Prioridade: 1
PID: 4, Nome: PROG15, Tempo Admissao: 10, Prioridade: 1
Fila de Espera

-----------------------------------------------------------------------------------------
Tempo Corrente: 31
Processo em Execucao - PID: 1, Nome: PROG02, Prioridade: 1, Tempo Restante: 4
Fila de Prontos
PID: 3, Nome: PROG03, Tempo Admissao: 3, Prioridade: 2
PID: 2, Nome: PROG10, Tempo Admissao: 5, Prioridade: 1
PID: 4, Nome: PROG15, Tempo Admissao: 10, Prioridade: 1
Fila de Espera

-----------------------------------------------------------------------------------------
Tempo Corrente: 32
Processo em Execucao - PID: 1, Nome: PROG02, Prioridade: 1, Tempo Restante: 3
Fila de Prontos
PID: 3, Nome: PROG03, Tempo Admissao: 3, Prioridade: 2
PID: 2, Nome: PROG10, Tempo Admissao: 5, Prioridade: 1
PID: 4, Nome: PROG15, Tempo Admissao: 10, Prioridade: 1
Fila de Espera

-----------------------------------------------------------------------------------------
Tempo Corrente: 33
Processo em Execucao - PID: 1, Nome: PROG02, Prioridade: 1, Tempo Restante: 2
Fila de Prontos
PID: 3, Nome: PROG03, Tempo Admissao: 3, Prioridade: 2
PID: 2, Nome: PROG10, Tempo Admissao: 5, Prioridade: 1
PID: 4, Nome: PROG15, Tempo Admissao: 10, Prioridade: 1
Fila de Espera

-----------------------------------------------------------------------------------------
Tempo Corrente: 34
Processo em Execucao - PID: 1, Nome: PROG02, Prioridade: 1, Tempo Restante: 1
Fila de Prontos
PID: 3, Nome: PROG03, Tempo Admissao: 3, Prioridade: 2
PID: 2, Nome: PROG10, Tempo Admissao: 5, Prioridade: 1
PID: 4, Nome: PROG15, Tempo Admissao: 10, Prioridade: 1
Fila de Espera

-----------------------------------------------------------------------------------------
Tempo Corrente: 35
Processo em Execucao - PID: 1, Nome: PROG02, Prioridade: 1, Tempo Restante: 0
Fila de Prontos
PID: 3, Nome: PROG03, Tempo Admissao: 3, Prioridade: 2
PID: 2, Nome: PROG10, Tempo Admissao: 5, Prioridade: 1
PID: 4, Nome: PROG15, Tempo Admissao: 10, Prioridade: 1
Fila de Espera

-----------------------------------------------------------------------------------------
Tempo Corrente: 36
Processo em Execucao - OCIOSO
Fila de Prontos
PID: 3, Nome: PROG03, Tempo Admissao: 3, Prioridade: 2
PID: 2, Nome: PROG10, Tempo Admissao: 5, Prioridade: 1
PID: 4, Nome: PROG15, Tempo Admissao: 10, Prioridade: 1
Fila de Espera
PID: 1, Nome: PROG02, Tempo Admissao: 0, Prioridade: 1, Tempo Restante IO: 4

-----------------------------------------------------------------------------------------
Tempo Corrente: 37
Processo em Execucao - PID: 3, Nome: PROG03, Prioridade: 2, Tempo Restante: 30
Fila de Prontos
PID: 2, Nome: PROG10, Tempo Admissao: 5, Prioridade: 1
PID: 4, Nome: PROG15, Tempo Admissao: 10, Prioridade: 1
Fila de Espera
PID: 1, Nome: PROG02, Tempo Admissao: 0, Prioridade: 1, Tempo Restante IO: 3

-----------------------------------------------------------------------------------------
Tempo Corrente: 38
Processo em Execucao - PID: 3, Nome: PROG03, Prioridade: 2, Tempo Restante: 29
Fila de Prontos
PID: 2, Nome: PROG10, Tempo Admissao: 5, Prioridade: 1
PID: 4, Nome: PROG15, Tempo Admissao: 10, Prioridade: 1
Fila de Espera
PID: 1, Nome: PROG02, Tempo Admissao: 0, Prioridade: 1, Tempo Restante IO: 2

-----------------------------------------------------------------------------------------
Tempo Corrente: 39
Processo em Execucao - PID: 3, Nome: PROG03, Prioridade: 2, Tempo Restante: 28
Fila de Prontos
PID: 2, Nome: PROG10, Tempo Admissao: 5, Prioridade: 1
PID: 4, Nome: PROG15, Tempo Admissao: 10, Prioridade: 1
Fila de Espera
PID: 1, Nome: PROG02, Tempo Admissao: 0, Prioridade: 1, Tempo Restante IO: 1

-----------------------------------------------------------------------------------------
Tempo Corrente: 40
Processo em Execucao - PID: 3, Nome: PROG03, Prioridade: 2, Tempo Restante: 27
Fila de Prontos
PID: 2, Nome: PROG10, Tempo Admissao: 5, Prioridade: 1
PID: 4, Nome: PROG15, Tempo Admissao: 10, Prioridade: 1
Fila de Espera
PID: 1, Nome: PROG02, Tempo Admissao: 0, Prioridade: 1, Tempo Restante IO: 0

-----------------------------------------------------------------------------------------
Tempo Corrente: 41
Processo em Execucao - PID: 3, Nome: PROG03, Prioridade: 2, Tempo Restante: 26
Fila de Prontos
PID: 2, Nome: PROG10, Tempo Admissao: 5, Prioridade: 1
PID: 4, Nome: PROG15, Tempo Admissao: 10, Prioridade: 1
PID: 1, Nome: PROG02, Tempo Admissao: 0, Prioridade: 1
Fila de Espera

-----------------------------------------------------------------------------------------
Tempo Corrente: 42
Processo em Execucao - PID: 3, Nome: PROG03, Prioridade: 2, Tempo Restante: 25
Fila de Prontos
PID: 2, Nome: PROG10, Tempo Admissao: 5, Prioridade: 1
PID: 4, Nome: PROG15, Tempo Admissao: 10, Prioridade: 1
PID: 1, Nome: PROG02, Tempo Admissao: 0, Prioridade: 1
Fila de Espera

-----------------------------------------------------------------------------------------
Tempo Corrente: 43
Processo em Execucao - PID: 3, Nome: PROG03, Prioridade: 2, Tempo Restante: 24
Fila de Prontos
PID: 2, Nome: PROG10, Tempo Admissao: 5, Prioridade: 1
PID: 4, Nome: PROG15, Tempo Admissao: 10, Prioridade: 1
PID: 1, Nome: PROG02, Tempo Admissao: 0, Prioridade: 1
Fila de Espera

-----------------------------------------------------------------------------------------
Tempo Corrente: 44
Processo em Execucao - PID: 3, Nome: PROG03, Prioridade: 2, Tempo Restante: 23
Fila de Prontos
PID: 2, Nome: PROG10, Tempo Admissao: 5, Prioridade: 1
PID: 4, Nome: PROG15, Tempo Admissao: 10, Prioridade: 1
PID: 1, Nome: PROG02, Tempo Admissao: 0, Prioridade: 1
Fila de Espera

-----------------------------------------------------------------------------------------
Tempo Corrente: 45
Processo em Execucao - PID: 3, Nome: PROG03, Prioridade: 2, Tempo Restante: 22
Fila de Prontos
PID: 2, Nome: PROG10, Tempo Admissao: 5, Prioridade: 1
PID: 4, Nome: PROG15, Tempo Admissao: 10, Prioridade: 1
PID: 1, Nome: PROG02, Tempo Admissao: 0, Prioridade: 1
Fila de Espera

-----------------------------------------------------------------------------------------
Tempo Corrente: 46
Processo em Execucao - PID: 3, Nome: PROG03, Prioridade: 2, Tempo Restante: 21
Fila de Prontos
PID: 2, Nome: PROG10, Tempo Admissao: 5, Prioridade: 1
PID: 4, Nome: PROG15, Tempo Admissao: 10, Prioridade: 1
PID: 1, Nome: PROG02, Tempo Admissao: 0, Prioridade: 1
Fila de Espera

-----------------------------------------------------------------------------------------
Tempo Corrente: 47
Processo em Execucao - PID: 3, Nome: PROG03, Prioridade: 2, Tempo Restante: 20
Fila de Prontos
PID: 2, Nome: PROG10, Tempo Admissao: 5, Prioridade: 1
PID: 4, Nome: PROG15, Tempo Admissao: 10, Prioridade: 1
PID: 1, Nome: PROG02, Tempo Admissao: 0, Prioridade: 1
Fila de Espera

-----------------------------------------------------------------------------------------
Tempo Corrente: 48
Processo em Execucao - PID: 3, Nome: PROG03, Prioridade: 2, Tempo Restante: 19
Fila de Prontos
PID: 2, Nome: PROG10, Tempo Admissao: 5, Prioridade: 1
PID: 4, Nome: PROG15, Tempo Admissao: 10, Prioridade: 1
PID: 1, Nome: PROG02, Tempo Admissao: 0, Prioridade: 1
Fila de Espera

-----------------------------------------------------------------------------------------
Tempo Corrente: 49
Processo em Execucao - PID: 3, Nome: PROG03, Prioridade: 2, Tempo Restante: 18
Fila de Prontos
PID: 2, Nome: PROG10, Tempo Admissao: 5, Prioridade: 1
PID: 4, Nome: PROG15, Tempo Admissao: 10, Prioridade: 1
PID: 1, Nome: PROG02, Tempo Admissao: 0, Prioridade: 1
Fila de Espera

-----------------------------------------------------------------------------------------
Tempo Corrente: 50
Processo em Execucao - PID: 3, Nome: PROG03, Prioridade: 2, Tempo Restante: 17
Fila de Prontos
PID: 2, Nome: PROG10, Tempo Admissao: 5, Prioridade: 1
PID: 4, Nome: PROG15, Tempo Admissao: 10, Prioridade: 1
PID: 1, Nome: PROG02, Tempo Admissao: 0, Prioridade: 1
Fila de Espera

-----------------------------------------------------------------------------------------
Tempo Corrente: 51
Processo em Execucao - PID: 3, Nome: PROG03, Prioridade: 2, Tempo Restante: 16
Fila de Prontos
PID: 2, Nome: PROG10, Tempo Admissao: 5, Prioridade: 1
PID: 4, Nome: PROG15, Tempo Admissao: 10, Prioridade: 1
PID: 1, Nome: PROG02, Tempo Admissao: 0, Prioridade: 1
Fila de Espera

-----------------------------------------------------------------------------------------
Tempo Corrente: 52
Processo em Execucao - PID: 3, Nome: PROG03, Prioridade: 2, Tempo Restante: 15
Fila de Prontos
PID: 2, Nome: PROG10, Tempo Admissao: 5, Prioridade: 1
PID: 4, Nome: PROG15, Tempo Admissao: 10, Prioridade: 1
PID: 1, Nome: PROG02, Tempo Admissao: 0, Prioridade: 1
Fila de Espera

-----------------------------------------------------------------------------------------
Tempo Corrente: 53
Processo em Execucao - PID: 3, Nome: PROG03, Prioridade: 2, Tempo Restante: 14
Fila de Prontos
PID: 2, Nome: PROG10, Tempo Admissao: 5, Prioridade: 1
PID: 4, Nome: PROG15, Tempo Admissao: 10, Prioridade: 1
PID: 1, Nome: PROG02, Tempo Admissao: 0, Prioridade: 1
Fila de Espera

-----------------------------------------------------------------------------------------
Tempo Corrente: 54
Processo em Execucao - PID: 3, Nome: PROG03, Prioridade: 2, Tempo Restante: 13
Fila de Prontos
PID: 2, Nome: PROG10, Tempo Admissao: 5, Prioridade: 1
PID: 4, Nome: PROG15, Tempo Admissao: 10, Prioridade: 1
PID: 1, Nome: PROG02, Tempo Admissao: 0, Prioridade: 1
Fila de Espera

-----------------------------------------------------------------------------------------
Tempo Corrente: 55
Processo em Execucao - PID: 3, Nome: PROG03, Prioridade: 2, Tempo Restante: 12
Fila de Prontos
PID: 2, Nome: PROG10, Tempo Admissao: 5, Prioridade: 1
PID: 4, Nome: PROG15, Tempo Admissao: 10, Prioridade: 1
PID: 1, Nome: PROG02, Tempo Admissao: 0, Prioridade: 1
Fila de Espera

-----------------------------------------------------------------------------------------
Tempo Corrente: 56
Processo em Execucao - PID: 3, Nome: PROG03, Prioridade: 2, Tempo Restante: 11
Fila de Prontos
PID: 2, Nome: PROG10, Tempo Admissao: 5, Prioridade: 1
PID: 4, Nome: PROG15, Tempo Admissao: 10, Prioridade: 1
PID: 1, Nome: PROG02, Tempo Admissao: 0, Prioridade: 1
Fila de Espera

-----------------------------------------------------------------------------------------
Tempo Corrente: 57
Processo em Execucao - PID: 3, Nome: PROG03, Prioridade: 2, Tempo Restante: 10
Fila de Prontos
PID: 2, Nome: PROG10, Tempo Admissao: 5, Prioridade: 1
PID: 4, Nome: PROG15, Tempo Admissao: 10, Prioridade: 1
PID: 1, Nome: PROG02, Tempo Admissao: 0, Prioridade: 1
Fila de Espera

-----------------------------------------------------------------------------------------
Tempo Corrente: 58
Processo em Execucao - PID: 3, Nome: PROG03, Prioridade: 2, Tempo Restante: 9
Fila de Prontos
PID: 2, Nome: PROG10, Tempo Admissao: 5, Prioridade: 1
PID: 4, Nome: PROG15, Tempo Admissao: 10, Prioridade: 1
PID: 1, Nome: PROG02, Tempo Admissao: 0, Prioridade: 1
Fila de Espera

-----------------------------------------------------------------------------------------
Tempo Corrente: 59
Processo em Execucao - PID: 3, Nome: PROG03, Prioridade: 2, Tempo Restante: 8
Fila de Prontos
PID: 2, Nome: PROG10, Tempo Admissao: 5, Prioridade: 1
PID: 4, Nome: PROG15, Tempo Admissao: 10, Prioridade: 1
PID: 1, Nome: PROG02, Tempo Admissao: 0, Prioridade: 1
Fila de Espera

-----------------------------------------------------------------------------------------
Tempo Corrente: 60
Processo em Execucao - PID: 3, Nome: PROG03, Prioridade: 2, Tempo Restante: 7
Fila de Prontos
PID: 2, Nome: PROG10, Tempo Admissao: 5, Prioridade: 1
PID: 4, Nome: PROG15, Tempo Admissao: 10, Prioridade: 1
PID: 1, Nome: PROG02, Tempo Admissao: 0, Prioridade: 1
Fila de Espera

-----------------------------------------------------------------------------------------
Tempo Corrente: 61
Processo em Execucao - PID: 3, Nome: PROG03, Prioridade: 2, Tempo Restante: 6
Fila de Prontos
PID: 2, Nome: PROG10, Tempo Admissao: 5, Prioridade: 1
PID: 4, Nome: PROG15, Tempo Admissao: 10, Prioridade: 1
PID: 1, Nome: PROG02, Tempo Admissao: 0, Prioridade: 1
Fila de Espera

-----------------------------------------------------------------------------------------
Tempo Corrente: 62
Processo em Execucao - PID: 3, Nome: PROG03, Prioridade: 2, Tempo Restante: 5
Fila de Prontos
PID: 2, Nome: PROG10, Tempo Admissao: 5, Prioridade: 1
PID: 4, Nome: PROG15, Tempo Admissao: 10, Prioridade: 1
PID: 1, Nome: PROG02, Tempo Admissao: 0, Prioridade: 1
Fila de Espera

-----------------------------------------------------------------------------------------
Tempo Corrente: 63
Processo em Execucao - PID: 3, Nome: PROG03, Prioridade: 2, Tempo Restante: 4
Fila de Prontos
PID: 2, Nome: PROG10, Tempo Admissao: 5, Prioridade: 1
PID: 4, Nome: PROG15, Tempo Admissao: 10, Prioridade: 1
PID: 1, Nome: PROG02, Tempo Admissao: 0, Prioridade: 1
Fila de Espera

-----------------------------------------------------------------------------------------
Tempo Corrente: 64
Processo em Execucao - PID: 3, Nome: PROG03, Prioridade: 2, Tempo Restante: 3
Fila de Prontos
PID: 2, Nome: PROG10, Tempo Admissao: 5, Prioridade: 1
PID: 4, Nome: PROG15, Tempo Admissao: 10, Prioridade: 1
PID: 1, Nome: PROG02, Tempo Admissao: 0, Prioridade: 1
Fila de Espera

-----------------------------------------------------------------------------------------
Tempo Corrente: 65
Processo em Execucao - PID: 3, Nome: PROG03, Prioridade: 2, Tempo Restante: 2
Fila de Prontos
PID: 2, Nome: PROG10, Tempo Admissao: 5, Prioridade: 1
PID: 4, Nome: PROG15, Tempo Admissao: 10, Prioridade: 1
PID: 1, Nome: PROG02, Tempo Admissao: 0, Prioridade: 1
Fila de Espera

-----------------------------------------------------------------------------------------
Tempo Corrente: 66
Processo em Execucao - PID: 3, Nome: PROG03, Prioridade: 2, Tempo Restante: 1
Fila de Prontos
PID: 2, Nome: PROG10, Tempo Admissao: 5, Prioridade: 1
PID: 4, Nome: PROG15, Tempo Admissao: 10, Prioridade: 1
PID: 1, Nome: PROG02, Tempo Admissao: 0, Prioridade: 1
Fila de Espera

-----------------------------------------------------------------------------------------
Tempo Corrente: 67
Processo em Execucao - PID: 3, Nome: PROG03, Prioridade: 2, Tempo Restante: 0
Fila de Prontos
PID: 2, Nome: PROG10, Tempo Admissao: 5, Prioridade: 1
PID: 4, Nome: PROG15, Tempo Admissao: 10, Prioridade: 1
PID: 1, Nome: PROG02, Tempo Admissao: 0, Prioridade: 1
Fila de Espera

-----------------------------------------------------------------------------------------
Tempo Corrente: 68
Processo em Execucao - OCIOSO
Fila de Prontos
PID: 2, Nome: PROG10, Tempo Admissao: 5, Prioridade: 1
PID: 4, Nome: PROG15, Tempo Admissao: 10, Prioridade: 1
PID: 1, Nome: PROG02, Tempo Admissao: 0, Prioridade: 1
Fila de Espera

-----------------------------------------------------------------------------------------
Tempo Corrente: 69
Processo em Execucao - PID: 2, Nome: PROG10, Prioridade: 1, Tempo Restante: 5
Fila de Prontos
PID: 4, Nome: PROG15, Tempo Admissao: 10, Prioridade: 1
PID: 1, Nome: PROG02, Tempo Admissao: 0, Prioridade: 1
Fila de Espera

-----------------------------------------------------------------------------------------
Tempo Corrente: 70
Processo em Execucao - PID: 2, Nome: PROG10, Prioridade: 1, Tempo Restante: 4
Fila de Prontos
PID: 4, Nome: PROG15, Tempo Admissao: 10, Prioridade: 1
PID: 1, Nome: PROG02, Tempo Admissao: 0, Prioridade: 1
Fila de Espera

-----------------------------------------------------------------------------------------
Tempo Corrente: 71
Processo em Execucao - PID: 2, Nome: PROG10, Prioridade: 1, Tempo Restante: 3
Fila de Prontos
PID: 4, Nome: PROG15, Tempo Admissao: 10, Prioridade: 1
PID: 1, Nome: PROG02, Tempo Admissao: 0, Prioridade: 1
Fila de Espera

-----------------------------------------------------------------------------------------
Tempo Corrente: 72
Processo em Execucao - PID: 2, Nome: PROG10, Prioridade: 1, Tempo Restante: 2
Fila de Prontos
PID: 4, Nome: PROG15, Tempo Admissao: 10, Prioridade: 1
PID: 1, Nome: PROG02, Tempo Admissao: 0, Prioridade: 1
Fila de Espera

-----------------------------------------------------------------------------------------
Tempo Corrente: 73
Processo em Execucao - PID: 2, Nome: PROG10, Prioridade: 1, Tempo Restante: 1
Fila de Prontos
PID: 4, Nome: PROG15, Tempo Admissao: 10, Prioridade: 1
PID: 1, Nome: PROG02, Tempo Admissao: 0, Prioridade: 1
Fila de Espera

-----------------------------------------------------------------------------------------
Tempo Corrente: 74
Processo em Execucao - PID: 2, Nome: PROG10, Prioridade: 1, Tempo Restante: 0
Fila de Prontos
PID: 4, Nome: PROG15, Tempo Admissao: 10, Prioridade: 1
PID: 1, Nome: PROG02, Tempo Admissao: 0, Prioridade: 1
Fila de Espera

-----------------------------------------------------------------------------------------
Tempo Corrente: 75
Processo em Execucao - OCIOSO
Fila de Prontos
PID: 4, Nome: PROG15, Tempo Admissao: 10, Prioridade: 1
PID: 1, Nome: PROG02, Tempo Admissao: 0, Prioridade: 1
Fila de Espera
PID: 2, Nome: PROG10, Tempo Admissao: 5, Prioridade: 1, Tempo Restante IO: 2

-----------------------------------------------------------------------------------------
Tempo Corrente: 76
Processo em Execucao - PID: 4, Nome: PROG15, Prioridade: 1, Tempo Restante: 5
Fila de Prontos
PID: 1, Nome: PROG02, Tempo Admissao: 0, Prioridade: 1
Fila de Espera
PID: 2, Nome: PROG10, Tempo Admissao: 5, Prioridade: 1, Tempo Restante IO: 1

-----------------------------------------------------------------------------------------
Tempo Corrente: 77
Processo em Execucao - PID: 4, Nome: PROG15, Prioridade: 1, Tempo Restante: 4
Fila de Prontos
PID: 1, Nome: PROG02, Tempo Admissao: 0, Prioridade: 1
Fila de Espera
PID: 2, Nome: PROG10, Tempo Admissao: 5, Prioridade: 1, Tempo Restante IO: 0

-----------------------------------------------------------------------------------------
Tempo Corrente: 78
Processo em Execucao - PID: 4, Nome: PROG15, Prioridade: 1, Tempo Restante: 3
Fila de Prontos
PID: 1, Nome: PROG02, Tempo Admissao: 0, Prioridade: 1
PID: 2, Nome: PROG10, Tempo Admissao: 5, Prioridade: 1
Fila de Espera

-----------------------------------------------------------------------------------------
Tempo Corrente: 79
Processo em Execucao - PID: 4, Nome: PROG15, Prioridade: 1, Tempo Restante: 2
Fila de Prontos
PID: 1, Nome: PROG02, Tempo Admissao: 0, Prioridade: 1
PID: 2, Nome: PROG10, Tempo Admissao: 5, Prioridade: 1
Fila de Espera

-----------------------------------------------------------------------------------------
Tempo Corrente: 80
Processo em Execucao - PID: 4, Nome: PROG15, Prioridade: 1, Tempo Restante: 1
Fila de Prontos
PID: 1, Nome: PROG02, Tempo Admissao: 0, Prioridade: 1
PID: 2, Nome: PROG10, Tempo Admissao: 5, Prioridade: 1
Fila de Espera

-----------------------------------------------------------------------------------------
Tempo Corrente: 81
Processo em Execucao - PID: 4, Nome: PROG15, Prioridade: 1, Tempo Restante: 0
Fila de Prontos
PID: 1, Nome: PROG02, Tempo Admissao: 0, Prioridade: 1
PID: 2, Nome: PROG10, Tempo Admissao: 5, Prioridade: 1
Fila de Espera

-----------------------------------------------------------------------------------------
Tempo Corrente: 82
Processo em Execucao - OCIOSO
Fila de Prontos
PID: 1, Nome: PROG02, Tempo Admissao: 0, Prioridade: 1
PID: 2, Nome: PROG10, Tempo Admissao: 5, Prioridade: 1
Fila de Espera
PID: 4, Nome: PROG15, Tempo Admissao: 10, Prioridade: 1, Tempo Restante IO: 0

-----------------------------------------------------------------------------------------
Tempo Corrente: 83
Processo em Execucao - PID: 1, Nome: PROG02, Prioridade: 1, Tempo Restante: 0
Fila de Prontos
PID: 2, Nome: PROG10, Tempo Admissao: 5, Prioridade: 1
PID: 4, Nome: PROG15, Tempo Admissao: 10, Prioridade: 1
Fila de Espera

-----------------------------------------------------------------------------------------
Tempo Corrente: 84
Processo em Execucao - OCIOSO
Fila de Prontos
PID: 2, Nome: PROG10, Tempo Admissao: 5, Prioridade: 1
PID: 4, Nome: PROG15, Tempo Admissao: 10, Prioridade: 1
Fila de Espera

-----------------------------------------------------------------------------------------
Tempo Corrente: 85
Processo em Execucao - PID: 2, Nome: PROG10, Prioridade: 1, Tempo Restante: 0
Fila de Prontos
PID: 4, Nome: PROG15, Tempo Admissao: 10, Prioridade: 1
Fila de Espera

-----------------------------------------------------------------------------------------
Tempo Corrente: 86
Processo em Execucao - OCIOSO
Fila de Prontos
PID: 4, Nome: PROG15, Tempo Admissao: 10, Prioridade: 1
Fila de Espera
PID: 2, Nome: PROG10, Tempo Admissao: 5, Prioridade: 1, Tempo Restante IO: 4

-----------------------------------------------------------------------------------------
Tempo Corrente: 87
Processo em Execucao - PID: 4, Nome: PROG15, Prioridade: 1, Tempo Restante: 0
Fila de Prontos
Fila de Espera
PID: 2, Nome: PROG10, Tempo Admissao: 5, Prioridade: 1, Tempo Restante IO: 3

-----------------------------------------------------------------------------------------
Tempo Corrente: 88
Processo em Execucao - OCIOSO
Fila de Prontos
Fila de Espera
PID: 2, Nome: PROG10, Tempo Admissao: 5, Prioridade: 1, Tempo Restante IO: 2
PID: 4, Nome: PROG15, Tempo Admissao: 10, Prioridade: 1, Tempo Restante IO: 1

-----------------------------------------------------------------------------------------
Tempo Corrente: 89
Processo em Execucao - OCIOSO
Fila de Prontos
Fila de Espera
PID: 2, Nome: PROG10, Tempo Admissao: 5, Prioridade: 1, Tempo Restante IO: 1
PID: 4, Nome: PROG15, Tempo Admissao: 10, Prioridade: 1, Tempo Restante IO: 1

-----------------------------------------------------------------------------------------
Tempo Corrente: 90
Processo em Execucao - OCIOSO
Fila de Prontos
Fila de Espera
PID: 2, Nome: PROG10, Tempo Admissao: 5, Prioridade: 1, Tempo Restante IO: 0
PID: 4, Nome: PROG15, Tempo Admissao: 10, Prioridade: 1, Tempo Restante IO: 1

-----------------------------------------------------------------------------------------
Tempo Corrente: 91
Processo em Execucao - OCIOSO
Fila de Prontos
PID: 2, Nome: PROG10, Tempo Admissao: 5, Prioridade: 1
Fila de Espera
PID: 4, Nome: PROG15, Tempo Admissao: 10, Prioridade: 1, Tempo Restante IO: 1

-----------------------------------------------------------------------------------------
Tempo Corrente: 92
Processo em Execucao - PID: 2, Nome: PROG10, Prioridade: 1, Tempo Restante: 0
Fila de Prontos
Fila de Espera
PID: 4, Nome: PROG15, Tempo Admissao: 10, Prioridade: 1, Tempo Restante IO: 0

-----------------------------------------------------------------------------------------
Tempo Corrente: 93
Processo em Execucao - OCIOSO
Fila de Prontos
PID: 4, Nome: PROG15, Tempo Admissao: 10, Prioridade: 1
Fila de Espera

-----------------------------------------------------------------------------------------
Tempo Corrente: 94
Processo em Execucao - PID: 4, Nome: PROG15, Prioridade: 1, Tempo Restante: 0
Fila de Prontos
Fila de Espera

-----------------------------------------------------------------------------------------
Tempo Corrente: 95
Processo em Execucao - OCIOSO
Fila de Prontos
Fila de Espera
PID: 4, Nome: PROG15, Tempo Admissao: 10, Prioridade: 1, Tempo Restante IO: 49

-----------------------------------------------------------------------------------------
Tempo Corrente: 96
Processo em Execucao - OCIOSO
Fila de Prontos
Fila de Espera
PID: 4, Nome: PROG15, Tempo Admissao: 10, Prioridade: 1, Tempo Restante IO: 48

-----------------------------------------------------------------------------------------
Tempo Corrente: 97
Processo em Execucao - OCIOSO
Fila de Prontos
Fila de Espera
PID: 4, Nome: PROG15, Tempo Admissao: 10, Prioridade: 1, Tempo Restante IO: 47

-----------------------------------------------------------------------------------------
Tempo Corrente: 98
Processo em Execucao - OCIOSO
Fila de Prontos
Fila de Espera
PID: 4, Nome: PROG15, Tempo Admissao: 10, Prioridade: 1, Tempo Restante IO: 46

-----------------------------------------------------------------------------------------
Tempo Corrente: 99
Processo em Execucao - OCIOSO
Fila de Prontos
Fila de Espera
PID: 4, Nome: PROG15, Tempo Admissao: 10, Prioridade: 1, Tempo Restante IO: 45

-----------------------------------------------------------------------------------------
Tempo Corrente: 100
Processo em Execucao - OCIOSO
Fila de Prontos
Fila de Espera
PID: 4, Nome: PROG15, Tempo Admissao: 10, Prioridade: 1, Tempo Restante IO: 44

-----------------------------------------------------------------------------------------
Tempo Corrente: 101
Processo em Execucao - OCIOSO
Fila de Prontos
Fila de Espera
PID: 4, Nome: PROG15, Tempo Admissao: 10, Prioridade: 1, Tempo Restante IO: 43

-----------------------------------------------------------------------------------------
Tempo Corrente: 102
Processo em Execucao - OCIOSO
Fila de Prontos
Fila de Espera
PID: 4, Nome: PROG15, Tempo Admissao: 10, Prioridade: 1, Tempo Restante IO: 42

-----------------------------------------------------------------------------------------
Tempo Corrente: 103
Processo em Execucao - OCIOSO
Fila de Prontos
Fila de Espera
PID: 4, Nome: PROG15, Tempo Admissao: 10, Prioridade: 1, Tempo Restante IO: 41

-----------------------------------------------------------------------------------------
Tempo Corrente: 104
Processo em Execucao - OCIOSO
Fila de Prontos
Fila de Espera
PID: 4, Nome: PROG15, Tempo Admissao: 10, Prioridade: 1, Tempo Restante IO: 40

-----------------------------------------------------------------------------------------
Tempo Corrente: 105
Processo em Execucao - OCIOSO
Fila de Prontos
Fila de Espera
PID: 4, Nome: PROG15, Tempo Admissao: 10, Prioridade: 1, Tempo Restante IO: 39

-----------------------------------------------------------------------------------------
Tempo Corrente: 106
Processo em Execucao - OCIOSO
Fila de Prontos
Fila de Espera
PID: 4, Nome: PROG15, Tempo Admissao: 10, Prioridade: 1, Tempo Restante IO: 38

-----------------------------------------------------------------------------------------
Tempo Corrente: 107
Processo em Execucao - OCIOSO
Fila de Prontos
Fila de Espera
PID: 4, Nome: PROG15, Tempo Admissao: 10, Prioridade: 1, Tempo Restante IO: 37

-----------------------------------------------------------------------------------------
Tempo Corrente: 108
Processo em Execucao - OCIOSO
Fila de Prontos
Fila de Espera
PID: 4, Nome: PROG15, Tempo Admissao: 10, Prioridade: 1, Tempo Restante IO: 36

-----------------------------------------------------------------------------------------
Tempo Corrente: 109
Processo em Execucao - OCIOSO
Fila de Prontos
Fila de Espera
PID: 4, Nome: PROG15, Tempo Admissao: 10, Prioridade: 1, Tempo Restante IO: 35

-----------------------------------------------------------------------------------------
Tempo Corrente: 110
Processo em Execucao - OCIOSO
Fila de Prontos
Fila de Espera
PID: 4, Nome: PROG15, Tempo Admissao: 10, Prioridade: 1, Tempo Restante IO: 34

-----------------------------------------------------------------------------------------
Tempo Corrente: 111
Processo em Execucao - OCIOSO
Fila de Prontos
Fila de Espera
PID: 4, Nome: PROG15, Tempo Admissao: 10, Prioridade: 1, Tempo Restante IO: 33

-----------------------------------------------------------------------------------------
Tempo Corrente: 112
Processo em Execucao - OCIOSO
Fila de Prontos
Fila de Espera
PID: 4, Nome: PROG15, Tempo Admissao: 10, Prioridade: 1, Tempo Restante IO: 32

-----------------------------------------------------------------------------------------
Tempo Corrente: 113
Processo em Execucao - OCIOSO
Fila de Prontos
Fila de Espera
PID: 4, Nome: PROG15, Tempo Admissao: 10, Prioridade: 1, Tempo Restante IO: 31

-----------------------------------------------------------------------------------------
Tempo Corrente: 114
Processo em Execucao - OCIOSO
Fila de Prontos
Fila de Espera
PID: 4, Nome: PROG15, Tempo Admissao: 10, Prioridade: 1, Tempo Restante IO: 30

-----------------------------------------------------------------------------------------
Tempo Corrente: 115
Processo em Execucao - OCIOSO
Fila de Prontos
Fila de Espera
PID: 4, Nome: PROG15, Tempo Admissao: 10, Prioridade: 1, Tempo Restante IO: 29

-----------------------------------------------------------------------------------------
Tempo Corrente: 116
Processo em Execucao - OCIOSO
Fila de Prontos
Fila de Espera
PID: 4, Nome: PROG15, Tempo Admissao: 10, Prioridade: 1, Tempo Restante IO: 28

-----------------------------------------------------------------------------------------
Tempo Corrente: 117
Processo em Execucao - OCIOSO
Fila de Prontos
Fila de Espera
PID: 4, Nome: PROG15, Tempo Admissao: 10, Prioridade: 1, Tempo Restante IO: 27

-----------------------------------------------------------------------------------------
Tempo Corrente: 118
Processo em Execucao - OCIOSO
Fila de Prontos
Fila de Espera
PID: 4, Nome: PROG15, Tempo Admissao: 10, Prioridade: 1, Tempo Restante IO: 26

-----------------------------------------------------------------------------------------
Tempo Corrente: 119
Processo em Execucao - OCIOSO
Fila de Prontos
Fila de Espera
PID: 4, Nome: PROG15, Tempo Admissao: 10, Prioridade: 1, Tempo Restante IO: 25

-----------------------------------------------------------------------------------------
Tempo Corrente: 120
Processo em Execucao - OCIOSO
Fila de Prontos
Fila de Espera
PID: 4, Nome: PROG15, Tempo Admissao: 10, Prioridade: 1, Tempo Restante IO: 24

-----------------------------------------------------------------------------------------
Tempo Corrente: 121
Processo em Execucao - OCIOSO
Fila de Prontos
Fila de Espera
PID: 4, Nome: PROG15, Tempo Admissao: 10, Prioridade: 1, Tempo Restante IO: 23

-----------------------------------------------------------------------------------------
Tempo Corrente: 122
Processo em Execucao - OCIOSO
Fila de Prontos
Fila de Espera
PID: 4, Nome: PROG15, Tempo Admissao: 10, Prioridade: 1, Tempo Restante IO: 22

-----------------------------------------------------------------------------------------
Tempo Corrente: 123
Processo em Execucao - OCIOSO
Fila de Prontos
Fila de Espera
PID: 4, Nome: PROG15, Tempo Admissao: 10, Prioridade: 1, Tempo Restante IO: 21

-----------------------------------------------------------------------------------------
Tempo Corrente: 124
Processo em Execucao - OCIOSO
Fila de Prontos
Fila de Espera
PID: 4, Nome: PROG15, Tempo Admissao: 10, Prioridade: 1, Tempo Restante IO: 20

-----------------------------------------------------------------------------------------
Tempo Corrente: 125
Processo em Execucao - OCIOSO
Fila de Prontos
Fila de Espera
PID: 4, Nome: PROG15, Tempo Admissao: 10, Prioridade: 1, Tempo Restante IO: 19

-----------------------------------------------------------------------------------------
Tempo Corrente: 126
Processo em Execucao - OCIOSO
Fila de Prontos
Fila de Espera
PID: 4, Nome: PROG15, Tempo Admissao: 10, Prioridade: 1, Tempo Restante IO: 18

-----------------------------------------------------------------------------------------
Tempo Corrente: 127
Processo em Execucao - OCIOSO
Fila de Prontos
Fila de Espera
PID: 4, Nome: PROG15, Tempo Admissao: 10, Prioridade: 1, Tempo Restante IO: 17

-----------------------------------------------------------------------------------------
Tempo Corrente: 128
Processo em Execucao - OCIOSO
Fila de Prontos
Fila de Espera
PID: 4, Nome: PROG15, Tempo Admissao: 10, Prioridade: 1, Tempo Restante IO: 16

-----------------------------------------------------------------------------------------
Tempo Corrente: 129
Processo em Execucao - OCIOSO
Fila de Prontos
Fila de Espera
PID: 4, Nome: PROG15, Tempo Admissao: 10, Prioridade: 1, Tempo Restante IO: 15

-----------------------------------------------------------------------------------------
Tempo Corrente: 130
Processo em Execucao - OCIOSO
Fila de Prontos
Fila de Espera
PID: 4, Nome: PROG15, Tempo Admissao: 10, Prioridade: 1, Tempo Restante IO: 14

-----------------------------------------------------------------------------------------
Tempo Corrente: 131
Processo em Execucao - OCIOSO
Fila de Prontos
Fila de Espera
PID: 4, Nome: PROG15, Tempo Admissao: 10, Prioridade: 1, Tempo Restante IO: 13

-----------------------------------------------------------------------------------------
Tempo Corrente: 132
Processo em Execucao - OCIOSO
Fila de Prontos
Fila de Espera
PID: 4, Nome: PROG15, Tempo Admissao: 10, Prioridade: 1, Tempo Restante IO: 12

-----------------------------------------------------------------------------------------
Tempo Corrente: 133
Processo em Execucao - OCIOSO
Fila de Prontos
Fila de Espera
PID: 4, Nome: PROG15, Tempo Admissao: 10, Prioridade: 1, Tempo Restante IO: 11

-----------------------------------------------------------------------------------------
Tempo Corrente: 134
Processo em Execucao - OCIOSO
Fila de Prontos
Fila de Espera
PID: 4, Nome: PROG15, Tempo Admissao: 10, Prioridade: 1, Tempo Restante IO: 10

-----------------------------------------------------------------------------------------
Tempo Corrente: 135
Processo em Execucao - OCIOSO
Fila de Prontos
Fila de Espera
PID: 4, Nome: PROG15, Tempo Admissao: 10, Prioridade: 1, Tempo Restante IO: 9

-----------------------------------------------------------------------------------------
Tempo Corrente: 136
Processo em Execucao - OCIOSO
Fila de Prontos
Fila de Espera
PID: 4, Nome: PROG15, Tempo Admissao: 10, Prioridade: 1, Tempo Restante IO: 8

-----------------------------------------------------------------------------------------
Tempo Corrente: 137
Processo em Execucao - OCIOSO
Fila de Prontos
Fila de Espera
PID: 4, Nome: PROG15, Tempo Admissao: 10, Prioridade: 1, Tempo Restante IO: 7

-----------------------------------------------------------------------------------------
Tempo Corrente: 138
Processo em Execucao - OCIOSO
Fila de Prontos
Fila de Espera
PID: 4, Nome: PROG15, Tempo Admissao: 10, Prioridade: 1, Tempo Restante IO: 6

-----------------------------------------------------------------------------------------
Tempo Corrente: 139
Processo em Execucao - OCIOSO
Fila de Prontos
Fila de Espera
PID: 4, Nome: PROG15, Tempo Admissao: 10, Prioridade: 1, Tempo Restante IO: 5

-----------------------------------------------------------------------------------------
Tempo Corrente: 140
Processo em Execucao - OCIOSO
Fila de Prontos
Fila de Espera
PID: 4, Nome: PROG15, Tempo Admissao: 10, Prioridade: 1, Tempo Restante IO: 4

-----------------------------------------------------------------------------------------
Tempo Corrente: 141
Processo em Execucao - OCIOSO
Fila de Prontos
Fila de Espera
PID: 4, Nome: PROG15, Tempo Admissao: 10, Prioridade: 1, Tempo Restante IO: 3

-----------------------------------------------------------------------------------------
Tempo Corrente: 142
Processo em Execucao - OCIOSO
Fila de Prontos
Fila de Espera
PID: 4, Nome: PROG15, Tempo Admissao: 10, Prioridade: 1, Tempo Restante IO: 2

-----------------------------------------------------------------------------------------
Tempo Corrente: 143
Processo em Execucao - OCIOSO
Fila de Prontos
Fila de Espera
PID: 4, Nome: PROG15, Tempo Admissao: 10, Prioridade: 1, Tempo Restante IO: 1

-----------------------------------------------------------------------------------------
Tempo Corrente: 144
Processo em Execucao - OCIOSO
Fila de Prontos
Fila de Espera
PID: 4, Nome: PROG15, Tempo Admissao: 10, Prioridade: 1, Tempo Restante IO: 0

-----------------------------------------------------------------------------------------
Tempo Corrente: 145
Processo em Execucao - OCIOSO
Fila de Prontos
PID: 4, Nome: PROG15, Tempo Admissao: 10, Prioridade: 1
Fila de Espera

-----------------------------------------------------------------------------------------
Tempo Corrente: 146
Processo em Execucao - PID: 4, Nome: PROG15, Prioridade: 1, Tempo Restante: 0
Fila de Prontos
Fila de Espera

-----------------------------------------------------------------------------------------
Tempo Corrente: 147
Processo em Execucao - OCIOSO
Fila de Prontos
Fila de Espera

-----------------------------------------------------------------------------------------
